2023-12-04 11:47:22,137 [Worker-6: Loading available Gradle versions] INFO  o.e.b.c.i.u.g.PublishedGradleVersions - Gradle version information cache is up-to-date. Trying to read.
2023-12-04 11:47:55,297 [Worker-7: Importing Maven projects] INFO  o.e.m.c.i.l.LifecycleMappingFactory - Using org.eclipse.m2e.jdt.JarLifecycleMapping lifecycle mapping for MavenProject: com.example:spring_boot_backend_security_jwt_template:0.0.1 @ D:\Sunbeam College Work\FinalDeployment\IMS-main\backend\Server1\spring_boot_backend_security_jwt_template\pom.xml.
2023-12-04 11:47:57,033 [Worker-7: Importing Maven projects] INFO  o.e.m.j.i.AbstractJavaProjectConfigurator - Adding source folder /spring_boot_backend_security_jwt_template/src/main/java
2023-12-04 11:47:57,034 [Worker-7: Importing Maven projects] INFO  o.e.m.j.i.AbstractJavaProjectConfigurator - Adding resource folder /spring_boot_backend_security_jwt_template/src/main/resources
2023-12-04 11:47:57,035 [Worker-7: Importing Maven projects] INFO  o.e.m.j.i.AbstractJavaProjectConfigurator - Adding resource folder /spring_boot_backend_security_jwt_template/src/main/resources
2023-12-04 11:47:57,036 [Worker-7: Importing Maven projects] INFO  o.e.m.j.i.AbstractJavaProjectConfigurator - Adding source folder /spring_boot_backend_security_jwt_template/src/test/java
2023-12-04 11:47:57,639 [Worker-7: Importing Maven projects] INFO  o.e.m.c.i.p.ProjectConfigurationManager - Imported and configured 1 project(s) in 3 sec
2023-12-04 11:48:01,233 [Worker-4: Building] INFO  o.e.m.c.i.embedder.EclipseLogger - Using 'UTF-8' encoding to copy filtered resources.
2023-12-04 11:48:01,233 [Worker-4: Building] INFO  o.e.m.c.i.embedder.EclipseLogger - Using 'UTF-8' encoding to copy filtered properties files.
2023-12-04 11:48:01,238 [Worker-4: Building] INFO  o.e.m.c.i.embedder.EclipseLogger - Copying 1 resource
2023-12-04 11:48:01,263 [Worker-4: Building] INFO  o.e.m.c.i.embedder.EclipseLogger - Copying 0 resource
2023-12-04 11:48:01,269 [Worker-4: Building] INFO  o.e.m.c.i.embedder.EclipseLogger - Using 'UTF-8' encoding to copy filtered resources.
2023-12-04 11:48:01,270 [Worker-4: Building] INFO  o.e.m.c.i.embedder.EclipseLogger - Using 'UTF-8' encoding to copy filtered properties files.
2023-12-04 11:48:01,270 [Worker-4: Building] INFO  o.e.m.c.i.embedder.EclipseLogger - skip non existing resourceDirectory D:\Sunbeam College Work\FinalDeployment\IMS-main\backend\Server1\spring_boot_backend_security_jwt_template\src\test\resources
2023-12-04 11:48:07,658 [Worker-0: Launching Executing clean in D__Sunbeam College Work_FinalDeployment_IMS-main_backend_Server1_spring_boot_backend_security_jwt_template] INFO  o.eclipse.m2e.core.internal.Bundles - getClasspathEntries(Bundle=org.eclipse.m2e.maven.runtime_3.8.701.20230209-1606 [346])
2023-12-04 11:48:07,664 [Worker-0: Launching Executing clean in D__Sunbeam College Work_FinalDeployment_IMS-main_backend_Server1_spring_boot_backend_security_jwt_template] INFO  o.eclipse.m2e.core.internal.Bundles - 	Entry: C:\sts-4.18.0.RELEASE\plugins\org.eclipse.m2e.maven.runtime_3.8.701.20230209-1606
2023-12-04 11:48:07,665 [Worker-0: Launching Executing clean in D__Sunbeam College Work_FinalDeployment_IMS-main_backend_Server1_spring_boot_backend_security_jwt_template] INFO  o.eclipse.m2e.core.internal.Bundles - 	Entry: C:\sts-4.18.0.RELEASE\plugins\org.eclipse.m2e.maven.runtime_3.8.701.20230209-1606\jars\aether-connector-okhttp-0.17.8.jar
2023-12-04 11:48:07,666 [Worker-0: Launching Executing clean in D__Sunbeam College Work_FinalDeployment_IMS-main_backend_Server1_spring_boot_backend_security_jwt_template] INFO  o.eclipse.m2e.core.internal.Bundles - 	Entry: C:\sts-4.18.0.RELEASE\plugins\org.eclipse.m2e.maven.runtime_3.8.701.20230209-1606\jars\commons-lang3-3.8.1.jar
2023-12-04 11:48:07,666 [Worker-0: Launching Executing clean in D__Sunbeam College Work_FinalDeployment_IMS-main_backend_Server1_spring_boot_backend_security_jwt_template] INFO  o.eclipse.m2e.core.internal.Bundles - 	Entry: C:\sts-4.18.0.RELEASE\plugins\org.eclipse.m2e.maven.runtime_3.8.701.20230209-1606\jars\guice-4.2.2-no_aop.jar
2023-12-04 11:48:07,666 [Worker-0: Launching Executing clean in D__Sunbeam College Work_FinalDeployment_IMS-main_backend_Server1_spring_boot_backend_security_jwt_template] INFO  o.eclipse.m2e.core.internal.Bundles - 	Entry: C:\sts-4.18.0.RELEASE\plugins\org.eclipse.m2e.maven.runtime_3.8.701.20230209-1606\jars\jansi-2.4.0.jar
2023-12-04 11:48:07,667 [Worker-0: Launching Executing clean in D__Sunbeam College Work_FinalDeployment_IMS-main_backend_Server1_spring_boot_backend_security_jwt_template] INFO  o.eclipse.m2e.core.internal.Bundles - 	Entry: C:\sts-4.18.0.RELEASE\plugins\org.eclipse.m2e.maven.runtime_3.8.701.20230209-1606\jars\maven-artifact-3.8.7.jar
2023-12-04 11:48:07,667 [Worker-0: Launching Executing clean in D__Sunbeam College Work_FinalDeployment_IMS-main_backend_Server1_spring_boot_backend_security_jwt_template] INFO  o.eclipse.m2e.core.internal.Bundles - 	Entry: C:\sts-4.18.0.RELEASE\plugins\org.eclipse.m2e.maven.runtime_3.8.701.20230209-1606\jars\maven-builder-support-3.8.7.jar
2023-12-04 11:48:07,667 [Worker-0: Launching Executing clean in D__Sunbeam College Work_FinalDeployment_IMS-main_backend_Server1_spring_boot_backend_security_jwt_template] INFO  o.eclipse.m2e.core.internal.Bundles - 	Entry: C:\sts-4.18.0.RELEASE\plugins\org.eclipse.m2e.maven.runtime_3.8.701.20230209-1606\jars\maven-compat-3.8.7.jar
2023-12-04 11:48:07,668 [Worker-0: Launching Executing clean in D__Sunbeam College Work_FinalDeployment_IMS-main_backend_Server1_spring_boot_backend_security_jwt_template] INFO  o.eclipse.m2e.core.internal.Bundles - 	Entry: C:\sts-4.18.0.RELEASE\plugins\org.eclipse.m2e.maven.runtime_3.8.701.20230209-1606\jars\maven-core-3.8.7.jar
2023-12-04 11:48:07,668 [Worker-0: Launching Executing clean in D__Sunbeam College Work_FinalDeployment_IMS-main_backend_Server1_spring_boot_backend_security_jwt_template] INFO  o.eclipse.m2e.core.internal.Bundles - 	Entry: C:\sts-4.18.0.RELEASE\plugins\org.eclipse.m2e.maven.runtime_3.8.701.20230209-1606\jars\maven-embedder-3.8.7.jar
2023-12-04 11:48:07,668 [Worker-0: Launching Executing clean in D__Sunbeam College Work_FinalDeployment_IMS-main_backend_Server1_spring_boot_backend_security_jwt_template] INFO  o.eclipse.m2e.core.internal.Bundles - 	Entry: C:\sts-4.18.0.RELEASE\plugins\org.eclipse.m2e.maven.runtime_3.8.701.20230209-1606\jars\maven-model-3.8.7.jar
2023-12-04 11:48:07,669 [Worker-0: Launching Executing clean in D__Sunbeam College Work_FinalDeployment_IMS-main_backend_Server1_spring_boot_backend_security_jwt_template] INFO  o.eclipse.m2e.core.internal.Bundles - 	Entry: C:\sts-4.18.0.RELEASE\plugins\org.eclipse.m2e.maven.runtime_3.8.701.20230209-1606\jars\maven-model-builder-3.8.7.jar
2023-12-04 11:48:07,669 [Worker-0: Launching Executing clean in D__Sunbeam College Work_FinalDeployment_IMS-main_backend_Server1_spring_boot_backend_security_jwt_template] INFO  o.eclipse.m2e.core.internal.Bundles - 	Entry: C:\sts-4.18.0.RELEASE\plugins\org.eclipse.m2e.maven.runtime_3.8.701.20230209-1606\jars\maven-plugin-api-3.8.7.jar
2023-12-04 11:48:07,669 [Worker-0: Launching Executing clean in D__Sunbeam College Work_FinalDeployment_IMS-main_backend_Server1_spring_boot_backend_security_jwt_template] INFO  o.eclipse.m2e.core.internal.Bundles - 	Entry: C:\sts-4.18.0.RELEASE\plugins\org.eclipse.m2e.maven.runtime_3.8.701.20230209-1606\jars\maven-repository-metadata-3.8.7.jar
2023-12-04 11:48:07,670 [Worker-0: Launching Executing clean in D__Sunbeam College Work_FinalDeployment_IMS-main_backend_Server1_spring_boot_backend_security_jwt_template] INFO  o.eclipse.m2e.core.internal.Bundles - 	Entry: C:\sts-4.18.0.RELEASE\plugins\org.eclipse.m2e.maven.runtime_3.8.701.20230209-1606\jars\maven-resolver-api-1.6.3.jar
2023-12-04 11:48:07,670 [Worker-0: Launching Executing clean in D__Sunbeam College Work_FinalDeployment_IMS-main_backend_Server1_spring_boot_backend_security_jwt_template] INFO  o.eclipse.m2e.core.internal.Bundles - 	Entry: C:\sts-4.18.0.RELEASE\plugins\org.eclipse.m2e.maven.runtime_3.8.701.20230209-1606\jars\maven-resolver-connector-basic-1.6.3.jar
2023-12-04 11:48:07,671 [Worker-0: Launching Executing clean in D__Sunbeam College Work_FinalDeployment_IMS-main_backend_Server1_spring_boot_backend_security_jwt_template] INFO  o.eclipse.m2e.core.internal.Bundles - 	Entry: C:\sts-4.18.0.RELEASE\plugins\org.eclipse.m2e.maven.runtime_3.8.701.20230209-1606\jars\maven-resolver-impl-1.6.3.jar
2023-12-04 11:48:07,671 [Worker-0: Launching Executing clean in D__Sunbeam College Work_FinalDeployment_IMS-main_backend_Server1_spring_boot_backend_security_jwt_template] INFO  o.eclipse.m2e.core.internal.Bundles - 	Entry: C:\sts-4.18.0.RELEASE\plugins\org.eclipse.m2e.maven.runtime_3.8.701.20230209-1606\jars\maven-resolver-provider-3.8.7.jar
2023-12-04 11:48:07,671 [Worker-0: Launching Executing clean in D__Sunbeam College Work_FinalDeployment_IMS-main_backend_Server1_spring_boot_backend_security_jwt_template] INFO  o.eclipse.m2e.core.internal.Bundles - 	Entry: C:\sts-4.18.0.RELEASE\plugins\org.eclipse.m2e.maven.runtime_3.8.701.20230209-1606\jars\maven-resolver-spi-1.6.3.jar
2023-12-04 11:48:07,672 [Worker-0: Launching Executing clean in D__Sunbeam College Work_FinalDeployment_IMS-main_backend_Server1_spring_boot_backend_security_jwt_template] INFO  o.eclipse.m2e.core.internal.Bundles - 	Entry: C:\sts-4.18.0.RELEASE\plugins\org.eclipse.m2e.maven.runtime_3.8.701.20230209-1606\jars\maven-resolver-transport-wagon-1.6.3.jar
2023-12-04 11:48:07,672 [Worker-0: Launching Executing clean in D__Sunbeam College Work_FinalDeployment_IMS-main_backend_Server1_spring_boot_backend_security_jwt_template] INFO  o.eclipse.m2e.core.internal.Bundles - 	Entry: C:\sts-4.18.0.RELEASE\plugins\org.eclipse.m2e.maven.runtime_3.8.701.20230209-1606\jars\maven-resolver-util-1.6.3.jar
2023-12-04 11:48:07,672 [Worker-0: Launching Executing clean in D__Sunbeam College Work_FinalDeployment_IMS-main_backend_Server1_spring_boot_backend_security_jwt_template] INFO  o.eclipse.m2e.core.internal.Bundles - 	Entry: C:\sts-4.18.0.RELEASE\plugins\org.eclipse.m2e.maven.runtime_3.8.701.20230209-1606\jars\maven-settings-3.8.7.jar
2023-12-04 11:48:07,673 [Worker-0: Launching Executing clean in D__Sunbeam College Work_FinalDeployment_IMS-main_backend_Server1_spring_boot_backend_security_jwt_template] INFO  o.eclipse.m2e.core.internal.Bundles - 	Entry: C:\sts-4.18.0.RELEASE\plugins\org.eclipse.m2e.maven.runtime_3.8.701.20230209-1606\jars\maven-settings-builder-3.8.7.jar
2023-12-04 11:48:07,673 [Worker-0: Launching Executing clean in D__Sunbeam College Work_FinalDeployment_IMS-main_backend_Server1_spring_boot_backend_security_jwt_template] INFO  o.eclipse.m2e.core.internal.Bundles - 	Entry: C:\sts-4.18.0.RELEASE\plugins\org.eclipse.m2e.maven.runtime_3.8.701.20230209-1606\jars\maven-shared-utils-3.3.4.jar
2023-12-04 11:48:07,673 [Worker-0: Launching Executing clean in D__Sunbeam College Work_FinalDeployment_IMS-main_backend_Server1_spring_boot_backend_security_jwt_template] INFO  o.eclipse.m2e.core.internal.Bundles - 	Entry: C:\sts-4.18.0.RELEASE\plugins\org.eclipse.m2e.maven.runtime_3.8.701.20230209-1606\jars\okhttp-3.14.1.jar
2023-12-04 11:48:07,673 [Worker-0: Launching Executing clean in D__Sunbeam College Work_FinalDeployment_IMS-main_backend_Server1_spring_boot_backend_security_jwt_template] INFO  o.eclipse.m2e.core.internal.Bundles - 	Entry: C:\sts-4.18.0.RELEASE\plugins\org.eclipse.m2e.maven.runtime_3.8.701.20230209-1606\jars\okio-1.17.3.jar
2023-12-04 11:48:07,674 [Worker-0: Launching Executing clean in D__Sunbeam College Work_FinalDeployment_IMS-main_backend_Server1_spring_boot_backend_security_jwt_template] INFO  o.eclipse.m2e.core.internal.Bundles - 	Entry: C:\sts-4.18.0.RELEASE\plugins\org.eclipse.m2e.maven.runtime_3.8.701.20230209-1606\jars\org.eclipse.sisu.inject-0.3.5.jar
2023-12-04 11:48:07,674 [Worker-0: Launching Executing clean in D__Sunbeam College Work_FinalDeployment_IMS-main_backend_Server1_spring_boot_backend_security_jwt_template] INFO  o.eclipse.m2e.core.internal.Bundles - 	Entry: C:\sts-4.18.0.RELEASE\plugins\org.eclipse.m2e.maven.runtime_3.8.701.20230209-1606\jars\org.eclipse.sisu.plexus-0.3.5.jar
2023-12-04 11:48:07,674 [Worker-0: Launching Executing clean in D__Sunbeam College Work_FinalDeployment_IMS-main_backend_Server1_spring_boot_backend_security_jwt_template] INFO  o.eclipse.m2e.core.internal.Bundles - 	Entry: C:\sts-4.18.0.RELEASE\plugins\org.eclipse.m2e.maven.runtime_3.8.701.20230209-1606\jars\plexus-build-api-0.0.7.jar
2023-12-04 11:48:07,675 [Worker-0: Launching Executing clean in D__Sunbeam College Work_FinalDeployment_IMS-main_backend_Server1_spring_boot_backend_security_jwt_template] INFO  o.eclipse.m2e.core.internal.Bundles - 	Entry: C:\sts-4.18.0.RELEASE\plugins\org.eclipse.m2e.maven.runtime_3.8.701.20230209-1606\jars\plexus-cipher-2.0.jar
2023-12-04 11:48:07,675 [Worker-0: Launching Executing clean in D__Sunbeam College Work_FinalDeployment_IMS-main_backend_Server1_spring_boot_backend_security_jwt_template] INFO  o.eclipse.m2e.core.internal.Bundles - 	Entry: C:\sts-4.18.0.RELEASE\plugins\org.eclipse.m2e.maven.runtime_3.8.701.20230209-1606\jars\plexus-classworlds-2.6.0.jar
2023-12-04 11:48:07,675 [Worker-0: Launching Executing clean in D__Sunbeam College Work_FinalDeployment_IMS-main_backend_Server1_spring_boot_backend_security_jwt_template] INFO  o.eclipse.m2e.core.internal.Bundles - 	Entry: C:\sts-4.18.0.RELEASE\plugins\org.eclipse.m2e.maven.runtime_3.8.701.20230209-1606\jars\plexus-component-annotations-2.1.0.jar
2023-12-04 11:48:07,676 [Worker-0: Launching Executing clean in D__Sunbeam College Work_FinalDeployment_IMS-main_backend_Server1_spring_boot_backend_security_jwt_template] INFO  o.eclipse.m2e.core.internal.Bundles - 	Entry: C:\sts-4.18.0.RELEASE\plugins\org.eclipse.m2e.maven.runtime_3.8.701.20230209-1606\jars\plexus-interpolation-1.26.jar
2023-12-04 11:48:07,676 [Worker-0: Launching Executing clean in D__Sunbeam College Work_FinalDeployment_IMS-main_backend_Server1_spring_boot_backend_security_jwt_template] INFO  o.eclipse.m2e.core.internal.Bundles - 	Entry: C:\sts-4.18.0.RELEASE\plugins\org.eclipse.m2e.maven.runtime_3.8.701.20230209-1606\jars\plexus-sec-dispatcher-2.0.jar
2023-12-04 11:48:07,676 [Worker-0: Launching Executing clean in D__Sunbeam College Work_FinalDeployment_IMS-main_backend_Server1_spring_boot_backend_security_jwt_template] INFO  o.eclipse.m2e.core.internal.Bundles - 	Entry: C:\sts-4.18.0.RELEASE\plugins\org.eclipse.m2e.maven.runtime_3.8.701.20230209-1606\jars\plexus-utils-3.3.1.jar
2023-12-04 11:48:07,677 [Worker-0: Launching Executing clean in D__Sunbeam College Work_FinalDeployment_IMS-main_backend_Server1_spring_boot_backend_security_jwt_template] INFO  o.eclipse.m2e.core.internal.Bundles - 	Entry: C:\sts-4.18.0.RELEASE\plugins\org.eclipse.m2e.maven.runtime_3.8.701.20230209-1606\jars\wagon-file-3.5.3.jar
2023-12-04 11:48:07,677 [Worker-0: Launching Executing clean in D__Sunbeam College Work_FinalDeployment_IMS-main_backend_Server1_spring_boot_backend_security_jwt_template] INFO  o.eclipse.m2e.core.internal.Bundles - 	Entry: C:\sts-4.18.0.RELEASE\plugins\org.eclipse.m2e.maven.runtime_3.8.701.20230209-1606\jars\wagon-provider-api-3.5.3.jar
2023-12-04 11:48:07,682 [Worker-0: Launching Executing clean in D__Sunbeam College Work_FinalDeployment_IMS-main_backend_Server1_spring_boot_backend_security_jwt_template] INFO  o.eclipse.m2e.core.internal.Bundles - getClasspathEntries(Bundle=com.google.guava_31.1.0.jre [23])
2023-12-04 11:48:07,683 [Worker-0: Launching Executing clean in D__Sunbeam College Work_FinalDeployment_IMS-main_backend_Server1_spring_boot_backend_security_jwt_template] INFO  o.eclipse.m2e.core.internal.Bundles - 	Entry: C:\sts-4.18.0.RELEASE\plugins\com.google.guava_31.1.0.jre.jar
2023-12-04 11:48:07,683 [Worker-0: Launching Executing clean in D__Sunbeam College Work_FinalDeployment_IMS-main_backend_Server1_spring_boot_backend_security_jwt_template] INFO  o.eclipse.m2e.core.internal.Bundles - getClasspathEntries(Bundle=slf4j.api_1.7.36 [580])
2023-12-04 11:48:07,684 [Worker-0: Launching Executing clean in D__Sunbeam College Work_FinalDeployment_IMS-main_backend_Server1_spring_boot_backend_security_jwt_template] INFO  o.eclipse.m2e.core.internal.Bundles - 	Entry: C:\sts-4.18.0.RELEASE\plugins\slf4j.api_1.7.36.jar
2023-12-04 11:48:07,684 [Worker-0: Launching Executing clean in D__Sunbeam College Work_FinalDeployment_IMS-main_backend_Server1_spring_boot_backend_security_jwt_template] INFO  o.eclipse.m2e.core.internal.Bundles - getClasspathEntries(Bundle=javax.inject_1.0.0.v20220405-0441 [50])
2023-12-04 11:48:07,686 [Worker-0: Launching Executing clean in D__Sunbeam College Work_FinalDeployment_IMS-main_backend_Server1_spring_boot_backend_security_jwt_template] INFO  o.eclipse.m2e.core.internal.Bundles - 	Entry: C:\sts-4.18.0.RELEASE\plugins\javax.inject_1.0.0.v20220405-0441.jar
2023-12-04 11:48:07,687 [Worker-0: Launching Executing clean in D__Sunbeam College Work_FinalDeployment_IMS-main_backend_Server1_spring_boot_backend_security_jwt_template] INFO  o.eclipse.m2e.core.internal.Bundles - getClasspathEntries(Bundle=javax.annotation_1.3.5.v20221203-1659 [48])
2023-12-04 11:48:07,688 [Worker-0: Launching Executing clean in D__Sunbeam College Work_FinalDeployment_IMS-main_backend_Server1_spring_boot_backend_security_jwt_template] INFO  o.eclipse.m2e.core.internal.Bundles - 	Entry: C:\sts-4.18.0.RELEASE\plugins\javax.annotation_1.3.5.v20221203-1659.jar
2023-12-04 11:48:07,688 [Worker-0: Launching Executing clean in D__Sunbeam College Work_FinalDeployment_IMS-main_backend_Server1_spring_boot_backend_security_jwt_template] INFO  o.eclipse.m2e.core.internal.Bundles - getClasspathEntries(Bundle=org.apache.commons.cli_1.4.0.v20221112-0806 [73])
2023-12-04 11:48:07,690 [Worker-0: Launching Executing clean in D__Sunbeam College Work_FinalDeployment_IMS-main_backend_Server1_spring_boot_backend_security_jwt_template] INFO  o.eclipse.m2e.core.internal.Bundles - 	Entry: C:\sts-4.18.0.RELEASE\plugins\org.apache.commons.cli_1.4.0.v20221112-0806.jar
2023-12-04 11:48:07,690 [Worker-0: Launching Executing clean in D__Sunbeam College Work_FinalDeployment_IMS-main_backend_Server1_spring_boot_backend_security_jwt_template] INFO  o.eclipse.m2e.core.internal.Bundles - getClasspathEntries(Bundle=com.google.guava.failureaccess_1.0.1 [25])
2023-12-04 11:48:07,691 [Worker-0: Launching Executing clean in D__Sunbeam College Work_FinalDeployment_IMS-main_backend_Server1_spring_boot_backend_security_jwt_template] INFO  o.eclipse.m2e.core.internal.Bundles - 	Entry: C:\sts-4.18.0.RELEASE\plugins\com.google.guava.failureaccess_1.0.1.jar
2023-12-04 11:48:07,708 [Worker-0: Launching Executing clean in D__Sunbeam College Work_FinalDeployment_IMS-main_backend_Server1_spring_boot_backend_security_jwt_template] INFO  o.e.m.i.launch.MavenLaunchDelegate - Run build in "D:\Sunbeam College Work\FinalDeployment\IMS-main\backend\Server1\spring_boot_backend_security_jwt_template":
2023-12-04 11:48:07,715 [Worker-0: Launching Executing clean in D__Sunbeam College Work_FinalDeployment_IMS-main_backend_Server1_spring_boot_backend_security_jwt_template] INFO  o.e.m.i.launch.MavenLaunchDelegate -  mvn  -B -Dstyle.color=always clean
2023-12-04 11:48:28,260 [Worker-1: Updating Maven Project] INFO  o.e.m.c.i.p.ProjectConfigurationManager - Update started
2023-12-04 11:48:28,492 [Worker-1: Updating Maven Project] INFO  o.e.m.c.i.l.LifecycleMappingFactory - Using org.eclipse.m2e.jdt.JarLifecycleMapping lifecycle mapping for MavenProject: com.example:spring_boot_backend_security_jwt_template:0.0.1 @ D:\Sunbeam College Work\FinalDeployment\IMS-main\backend\Server1\spring_boot_backend_security_jwt_template\pom.xml.
2023-12-04 11:48:29,327 [Worker-1: Updating Maven Project] INFO  o.e.m.j.i.AbstractJavaProjectConfigurator - Adding source folder /spring_boot_backend_security_jwt_template/src/main/java
2023-12-04 11:48:29,328 [Worker-1: Updating Maven Project] INFO  o.e.m.j.i.AbstractJavaProjectConfigurator - Adding resource folder /spring_boot_backend_security_jwt_template/src/main/resources
2023-12-04 11:48:29,328 [Worker-1: Updating Maven Project] INFO  o.e.m.j.i.AbstractJavaProjectConfigurator - Adding resource folder /spring_boot_backend_security_jwt_template/src/main/resources
2023-12-04 11:48:29,328 [Worker-1: Updating Maven Project] INFO  o.e.m.j.i.AbstractJavaProjectConfigurator - Adding source folder /spring_boot_backend_security_jwt_template/src/test/java
2023-12-04 11:48:29,696 [Worker-1: Updating Maven Project] INFO  o.e.m.c.i.p.ProjectConfigurationManager - Update completed for 1 poms: local refresh takes 0.00 sec, refresh facades takes 1.00 sec, update config takes 0.00 sec 
2023-12-04 11:48:30,466 [Worker-0: Building] INFO  o.e.m.c.i.embedder.EclipseLogger - Using 'UTF-8' encoding to copy filtered resources.
2023-12-04 11:48:30,467 [Worker-0: Building] INFO  o.e.m.c.i.embedder.EclipseLogger - Using 'UTF-8' encoding to copy filtered properties files.
2023-12-04 11:48:30,467 [Worker-0: Building] INFO  o.e.m.c.i.embedder.EclipseLogger - Copying 1 resource
2023-12-04 11:48:30,483 [Worker-0: Building] INFO  o.e.m.c.i.embedder.EclipseLogger - Copying 0 resource
2023-12-04 11:48:30,488 [Worker-0: Building] INFO  o.e.m.c.i.embedder.EclipseLogger - Using 'UTF-8' encoding to copy filtered resources.
2023-12-04 11:48:30,488 [Worker-0: Building] INFO  o.e.m.c.i.embedder.EclipseLogger - Using 'UTF-8' encoding to copy filtered properties files.
2023-12-04 11:48:30,489 [Worker-0: Building] INFO  o.e.m.c.i.embedder.EclipseLogger - skip non existing resourceDirectory D:\Sunbeam College Work\FinalDeployment\IMS-main\backend\Server1\spring_boot_backend_security_jwt_template\src\test\resources
2023-12-04 11:49:13,051 [Worker-10: Building] INFO  o.e.m.c.i.embedder.EclipseLogger - Using 'UTF-8' encoding to copy filtered resources.
2023-12-04 11:49:13,051 [Worker-10: Building] INFO  o.e.m.c.i.embedder.EclipseLogger - Using 'UTF-8' encoding to copy filtered properties files.
2023-12-04 11:49:13,051 [Worker-10: Building] INFO  o.e.m.c.i.embedder.EclipseLogger - Copying 1 resource
2023-12-04 11:49:13,053 [Worker-10: Building] INFO  o.e.m.c.i.embedder.EclipseLogger - Copying 0 resource
2023-12-04 11:49:13,056 [Worker-10: Building] INFO  o.e.m.c.i.embedder.EclipseLogger - Using 'UTF-8' encoding to copy filtered resources.
2023-12-04 11:49:13,056 [Worker-10: Building] INFO  o.e.m.c.i.embedder.EclipseLogger - Using 'UTF-8' encoding to copy filtered properties files.
2023-12-04 11:49:13,056 [Worker-10: Building] INFO  o.e.m.c.i.embedder.EclipseLogger - skip non existing resourceDirectory D:\Sunbeam College Work\FinalDeployment\IMS-main\backend\Server1\spring_boot_backend_security_jwt_template\src\test\resources
2023-12-07 14:59:54,024 [Worker-2: Loading available Gradle versions] INFO  o.e.b.c.i.u.g.PublishedGradleVersions - Gradle version information cache is out-of-date. Trying to update.
